Mon Jun  4 19:45:25 UTC 2018
Mon Jun  4 19:45:42 UTC 2018
Mon Jun  4 19:45:54 UTC 2018
Mon Jun  4 19:49:00 UTC 2018
Mon Jun  4 19:49:58 UTC 2018
Mon Jun  4 20:40:20 UTC 2018
Tue Jun  5 16:27:12 UTC 2018
Wed Jun  6 12:48:09 UTC 2018
Wed Jun  6 17:50:56 UTC 2018
Wed Jun  6 18:05:52 UTC 2018
Fri Jun  8 21:12:50 UTC 2018
Sat Jun  9 02:33:26 UTC 2018
Sat Jun  9 03:12:10 UTC 2018
Sat Jun  9 03:14:11 UTC 2018
Sat Jun  9 22:57:20 UTC 2018
Sat Jun  9 22:57:47 UTC 2018
Mon Jun 11 12:55:48 UTC 2018
Wed Jun 13 14:59:22 UTC 2018
Wed Jun 13 14:59:52 UTC 2018
Thu Jun 14 22:22:06 UTC 2018
Fri Jun 15 20:16:44 UTC 2018
Fri Jun 15 20:17:05 UTC 2018
Fri Jun 15 20:17:17 UTC 2018
Fri Jun 15 20:17:29 UTC 2018
Fri Jun 15 20:17:41 UTC 2018
Sat Jun 16 17:27:58 UTC 2018
Thu Jun 21 03:18:07 UTC 2018
Thu Jun 21 12:41:29 UTC 2018
Thu Jun 21 12:43:25 UTC 2018
Thu Jun 21 13:04:28 UTC 2018
Thu Jun 21 13:04:28 UTC 2018
Thu Jun 21 13:04:39 UTC 2018
